4         Threads
50        Connections per thread
600       Seconds


ALL STATS
============================================================================================================================
Type         Ops/sec     Hits/sec   Misses/sec    Avg. Latency     p50 Latency     p99 Latency   p99.9 Latency       KB/sec 
----------------------------------------------------------------------------------------------------------------------------
Sets         1153.31          ---          ---        15.70735         9.91900       105.98300       238.59100        88.85 
Gets        11531.42        35.48     11495.94        15.73879         9.91900       107.00700       240.63900       450.36 
Waits           0.00          ---          ---             ---             ---             ---             ---          --- 
Totals      12684.73        35.48     11495.94        15.73593         9.91900       107.00700       239.61500       539.21 


Request Latency Distribution
Type     <= msec         Percent
------------------------------------------------------------------------
SET       0.183        0.000
SET       3.663        5.000
SET       5.631       10.000
SET       7.167       15.000
SET       7.967       20.000
SET       8.511       25.000
SET       8.831       30.000
SET       8.959       35.000
SET       9.087       40.000
SET       9.343       45.000
SET       9.919       50.000
SET      10.559       52.500
SET      11.583       55.000
SET      12.543       57.500
SET      13.439       60.000
SET      14.463       62.500
SET      15.487       65.000
SET      16.255       67.500
SET      16.895       70.000
SET      17.279       72.500
SET      18.303       75.000
SET      18.815       76.250
SET      19.455       77.500
SET      20.095       78.750
SET      20.479       80.000
SET      20.991       81.250
SET      21.247       82.500
SET      21.759       83.750
SET      22.399       85.000
SET      23.423       86.250
SET      24.575       87.500
SET      25.087       88.125
SET      25.471       88.750
SET      26.111       89.375
SET      26.879       90.000
SET      27.775       90.625
SET      28.543       91.250
SET      29.183       91.875
SET      29.951       92.500
SET      30.847       93.125
SET      31.871       93.750
SET      32.511       94.062
SET      33.023       94.375
SET      33.535       94.688
SET      34.303       95.000
SET      35.583       95.312
SET      36.607       95.625
SET      37.631       95.938
SET      38.911       96.250
SET      40.447       96.562
SET      42.239       96.875
SET      43.263       97.031
SET      44.543       97.188
SET      46.079       97.344
SET      48.127       97.500
SET      50.431       97.656
SET      52.991       97.812
SET      56.063       97.969
SET      60.671       98.125
SET      66.559       98.281
SET      73.215       98.438
SET      76.799       98.516
SET      80.895       98.594
SET      85.503       98.672
SET      90.111       98.750
SET      95.231       98.828
SET     100.351       98.906
SET     105.471       98.984
SET     111.103       99.062
SET     116.223       99.141
SET     122.367       99.219
SET     125.951       99.258
SET     129.535       99.297
SET     133.119       99.336
SET     136.191       99.375
SET     140.287       99.414
SET     144.383       99.453
SET     147.455       99.492
SET     151.551       99.531
SET     157.695       99.570
SET     163.839       99.609
SET     166.911       99.629
SET     168.959       99.648
SET     172.031       99.668
SET     175.103       99.688
SET     179.199       99.707
SET     183.295       99.727
SET     188.415       99.746
SET     192.511       99.766
SET     198.655       99.785
SET     203.775       99.805
SET     206.847       99.814
SET     209.919       99.824
SET     212.991       99.834
SET     216.063       99.844
SET     219.135       99.854
SET     223.231       99.863
SET     227.327       99.873
SET     230.399       99.883
SET     235.519       99.893
SET     238.591       99.902
SET     240.639       99.907
SET     242.687       99.912
SET     245.759       99.917
SET     248.831       99.922
SET     250.879       99.927
SET     253.951       99.932
SET     258.047       99.937
SET     262.143       99.941
SET     268.287       99.946
SET     272.383       99.951
SET     274.431       99.954
SET     276.479       99.956
SET     280.575       99.958
SET     284.671       99.961
SET     286.719       99.963
SET     288.767       99.966
SET     292.863       99.968
SET     296.959       99.971
SET     299.007       99.973
SET     303.103       99.976
SET     303.103       99.977
SET     307.199       99.978
SET     307.199       99.979
SET     309.247       99.980
SET     311.295       99.982
SET     315.391       99.983
SET     315.391       99.984
SET     317.439       99.985
SET     319.487       99.987
SET     321.535       99.988
SET     323.583       99.988
SET     323.583       99.989
SET     325.631       99.990
SET     325.631       99.990
SET     329.727       99.991
SET     333.823       99.991
SET     335.871       99.992
SET     337.919       99.993
SET     339.967       99.993
SET     339.967       99.994
SET     342.015       99.994
SET     348.159       99.995
SET     352.255       99.995
SET     352.255       99.995
SET     354.303       99.995
SET     354.303       99.996
SET     356.351       99.996
SET     356.351       99.996
SET     358.399       99.997
SET     362.495       99.997
SET     362.495       99.997
SET     362.495       99.997
SET     368.639       99.997
SET     368.639       99.998
SET     372.735       99.998
SET     380.927       99.998
SET     380.927       99.998
SET     382.975       99.998
SET     387.071       99.998
SET     391.167       99.998
SET     391.167       99.999
SET     391.167       99.999
SET     397.311       99.999
SET     397.311       99.999
SET     403.455       99.999
SET     403.455       99.999
SET     411.647       99.999
SET     411.647       99.999
SET     438.271       99.999
SET     438.271       99.999
SET     438.271       99.999
SET     438.271       99.999
SET     438.271       99.999
SET     438.271       99.999
SET     438.271       99.999
SET     438.271       99.999
SET     438.271      100.000
SET     438.271      100.000
SET     448.511      100.000
SET     448.511      100.000
SET     448.511      100.000
SET     448.511      100.000
SET     448.511      100.000
SET     448.511      100.000
SET     448.511      100.000
SET     448.511      100.000
SET     448.511      100.000
SET     448.511      100.000
SET     448.511      100.000
SET     448.511      100.000
SET     448.511      100.000
SET     448.511      100.000
SET     448.511      100.000
SET     448.511      100.000
SET     468.991      100.000
SET     468.991      100.000
---
GET       0.151        0.000
GET       3.679        5.000
GET       5.631       10.000
GET       7.167       15.000
GET       7.967       20.000
GET       8.575       25.000
GET       8.831       30.000
GET       8.959       35.000
GET       9.087       40.000
GET       9.343       45.000
GET       9.919       50.000
GET      10.559       52.500
GET      11.583       55.000
GET      12.607       57.500
GET      13.439       60.000
GET      14.463       62.500
GET      15.487       65.000
GET      16.255       67.500
GET      16.895       70.000
GET      17.279       72.500
GET      18.303       75.000
GET      18.815       76.250
GET      19.455       77.500
GET      20.095       78.750
GET      20.479       80.000
GET      20.991       81.250
GET      21.247       82.500
GET      21.759       83.750
GET      22.527       85.000
GET      23.423       86.250
GET      24.575       87.500
GET      25.087       88.125
GET      25.599       88.750
GET      26.239       89.375
GET      27.007       90.000
GET      27.775       90.625
GET      28.671       91.250
GET      29.183       91.875
GET      29.951       92.500
GET      30.975       93.125
GET      31.999       93.750
GET      32.511       94.062
GET      33.023       94.375
GET      33.791       94.688
GET      34.559       95.000
GET      35.583       95.312
GET      36.607       95.625
GET      37.631       95.938
GET      39.167       96.250
GET      40.703       96.562
GET      42.239       96.875
GET      43.519       97.031
GET      44.799       97.188
GET      46.335       97.344
GET      48.383       97.500
GET      50.687       97.656
GET      53.503       97.812
GET      56.831       97.969
GET      60.927       98.125
GET      66.559       98.281
GET      73.215       98.438
GET      76.799       98.516
GET      81.407       98.594
GET      86.015       98.672
GET      90.623       98.750
GET      95.743       98.828
GET     100.351       98.906
GET     105.983       98.984
GET     111.615       99.062
GET     117.247       99.141
GET     123.391       99.219
GET     126.463       99.258
GET     130.047       99.297
GET     133.119       99.336
GET     137.215       99.375
GET     141.311       99.414
GET     144.383       99.453
GET     148.479       99.492
GET     153.599       99.531
GET     158.719       99.570
GET     164.863       99.609
GET     166.911       99.629
GET     169.983       99.648
GET     174.079       99.668
GET     177.151       99.688
GET     181.247       99.707
GET     186.367       99.727
GET     190.463       99.746
GET     195.583       99.766
GET     200.703       99.785
GET     206.847       99.805
GET     209.919       99.814
GET     211.967       99.824
GET     215.039       99.834
GET     218.111       99.844
GET     222.207       99.854
GET     226.303       99.863
GET     229.375       99.873
GET     233.471       99.883
GET     237.567       99.893
GET     241.663       99.902
GET     243.711       99.907
GET     246.783       99.912
GET     248.831       99.917
GET     252.927       99.922
GET     255.999       99.927
GET     260.095       99.932
GET     264.191       99.937
GET     268.287       99.941
GET     272.383       99.946
GET     276.479       99.951
GET     278.527       99.954
GET     280.575       99.956
GET     284.671       99.958
GET     286.719       99.961
GET     290.815       99.963
GET     292.863       99.966
GET     296.959       99.968
GET     299.007       99.971
GET     301.055       99.973
GET     303.103       99.976
GET     305.151       99.977
GET     309.247       99.978
GET     311.295       99.979
GET     313.343       99.980
GET     315.391       99.982
GET     317.439       99.983
GET     319.487       99.984
GET     321.535       99.985
GET     325.631       99.987
GET     329.727       99.988
GET     331.775       99.988
GET     333.823       99.989
GET     333.823       99.990
GET     335.871       99.990
GET     337.919       99.991
GET     339.967       99.991
GET     339.967       99.992
GET     342.015       99.993
GET     346.111       99.993
GET     350.207       99.994
GET     350.207       99.994
GET     352.255       99.995
GET     354.303       99.995
GET     354.303       99.995
GET     358.399       99.995
GET     360.447       99.996
GET     360.447       99.996
GET     362.495       99.996
GET     366.591       99.997
GET     368.639       99.997
GET     370.687       99.997
GET     372.735       99.997
GET     374.783       99.997
GET     380.927       99.998
GET     380.927       99.998
GET     382.975       99.998
GET     382.975       99.998
GET     385.023       99.998
GET     387.071       99.998
GET     389.119       99.998
GET     389.119       99.999
GET     389.119       99.999
GET     391.167       99.999
GET     391.167       99.999
GET     393.215       99.999
GET     393.215       99.999
GET     397.311       99.999
GET     399.359       99.999
GET     399.359       99.999
GET     405.503       99.999
GET     425.983       99.999
GET     430.079       99.999
GET     432.127       99.999
GET     432.127       99.999
GET     434.175       99.999
GET     436.223       99.999
GET     436.223      100.000
GET     438.271      100.000
GET     438.271      100.000
GET     440.319      100.000
GET     440.319      100.000
GET     448.511      100.000
GET     448.511      100.000
GET     448.511      100.000
GET     448.511      100.000
GET     448.511      100.000
GET     448.511      100.000
GET     448.511      100.000
GET     450.559      100.000
GET     450.559      100.000
GET     468.991      100.000
GET     468.991      100.000
GET     468.991      100.000
GET     468.991      100.000
GET     468.991      100.000
GET     468.991      100.000
GET     477.183      100.000
GET     511.999      100.000
GET     511.999      100.000
GET     511.999      100.000
GET     511.999      100.000
GET     511.999      100.000
GET     511.999      100.000
GET     511.999      100.000
GET     511.999      100.000
GET     511.999      100.000
GET     511.999      100.000
GET     511.999      100.000
GET     511.999      100.000
GET     511.999      100.000
GET     511.999      100.000
GET     511.999      100.000
GET     511.999      100.000
GET     511.999      100.000
GET     511.999      100.000
GET     511.999      100.000
GET     511.999      100.000
GET     511.999      100.000
GET     511.999      100.000
GET     511.999      100.000
GET     511.999      100.000
GET     511.999      100.000
GET     511.999      100.000
GET     511.999      100.000
GET     511.999      100.000
GET     511.999      100.000
GET     511.999      100.000
GET     557.055      100.000
GET     557.055      100.000
---
WAIT      0.000      100.000
