4         Threads
50        Connections per thread
600       Seconds


ALL STATS
============================================================================================================================
Type         Ops/sec     Hits/sec   Misses/sec    Avg. Latency     p50 Latency     p99 Latency   p99.9 Latency       KB/sec 
----------------------------------------------------------------------------------------------------------------------------
Sets         1312.16          ---          ---        13.82762         9.40700        79.35900       191.48700       101.09 
Gets        13120.03         4.67     13115.37        13.83796         9.40700        79.87100       189.43900       511.21 
Waits           0.00          ---          ---             ---             ---             ---             ---          --- 
Totals      14432.20         4.67     13115.37        13.83702         9.40700        79.87100       189.43900       612.30 


Request Latency Distribution
Type     <= msec         Percent
------------------------------------------------------------------------
SET       0.159        0.000
SET       3.567        5.000
SET       5.375       10.000
SET       7.039       15.000
SET       7.743       20.000
SET       8.319       25.000
SET       8.575       30.000
SET       8.895       35.000
SET       9.023       40.000
SET       9.151       45.000
SET       9.407       50.000
SET       9.727       52.500
SET       9.919       55.000
SET      10.431       57.500
SET      11.071       60.000
SET      12.095       62.500
SET      12.991       65.000
SET      13.951       67.500
SET      15.039       70.000
SET      16.063       72.500
SET      16.639       75.000
SET      16.895       76.250
SET      17.151       77.500
SET      17.407       78.750
SET      17.919       80.000
SET      18.559       81.250
SET      19.327       82.500
SET      20.095       83.750
SET      20.607       85.000
SET      20.991       86.250
SET      21.375       87.500
SET      21.631       88.125
SET      21.887       88.750
SET      22.399       89.375
SET      22.911       90.000
SET      23.679       90.625
SET      24.447       91.250
SET      25.087       91.875
SET      25.727       92.500
SET      26.751       93.125
SET      28.031       93.750
SET      28.543       94.062
SET      28.927       94.375
SET      29.311       94.688
SET      29.695       95.000
SET      30.335       95.312
SET      30.975       95.625
SET      31.743       95.938
SET      32.511       96.250
SET      33.279       96.562
SET      34.303       96.875
SET      35.327       97.031
SET      36.095       97.188
SET      37.119       97.344
SET      38.143       97.500
SET      39.423       97.656
SET      41.471       97.812
SET      43.519       97.969
SET      46.591       98.125
SET      49.919       98.281
SET      54.527       98.438
SET      57.343       98.516
SET      60.159       98.594
SET      62.975       98.672
SET      66.559       98.750
SET      69.631       98.828
SET      73.727       98.906
SET      78.335       98.984
SET      83.455       99.062
SET      89.087       99.141
SET      95.743       99.219
SET      98.815       99.258
SET     101.887       99.297
SET     104.959       99.336
SET     108.031       99.375
SET     111.615       99.414
SET     114.687       99.453
SET     118.271       99.492
SET     121.343       99.531
SET     124.927       99.570
SET     129.023       99.609
SET     131.071       99.629
SET     134.143       99.648
SET     136.191       99.668
SET     139.263       99.688
SET     142.335       99.707
SET     145.407       99.727
SET     148.479       99.746
SET     152.575       99.766
SET     155.647       99.785
SET     160.767       99.805
SET     162.815       99.814
SET     164.863       99.824
SET     167.935       99.834
SET     169.983       99.844
SET     173.055       99.854
SET     177.151       99.863
SET     180.223       99.873
SET     185.343       99.883
SET     188.415       99.893
SET     192.511       99.902
SET     194.559       99.907
SET     196.607       99.912
SET     198.655       99.917
SET     199.679       99.922
SET     201.727       99.927
SET     203.775       99.932
SET     205.823       99.937
SET     207.871       99.941
SET     210.943       99.946
SET     212.991       99.951
SET     215.039       99.954
SET     217.087       99.956
SET     218.111       99.958
SET     220.159       99.961
SET     222.207       99.963
SET     223.231       99.966
SET     225.279       99.968
SET     226.303       99.971
SET     228.351       99.973
SET     231.423       99.976
SET     232.447       99.977
SET     233.471       99.978
SET     234.495       99.979
SET     235.519       99.980
SET     235.519       99.982
SET     238.591       99.983
SET     241.663       99.984
SET     244.735       99.985
SET     245.759       99.987
SET     247.807       99.988
SET     248.831       99.988
SET     250.879       99.989
SET     252.927       99.990
SET     253.951       99.990
SET     254.975       99.991
SET     258.047       99.991
SET     259.071       99.992
SET     260.095       99.993
SET     264.191       99.993
SET     266.239       99.994
SET     268.287       99.994
SET     268.287       99.995
SET     272.383       99.995
SET     274.431       99.995
SET     276.479       99.995
SET     276.479       99.996
SET     278.527       99.996
SET     280.575       99.996
SET     282.623       99.997
SET     284.671       99.997
SET     286.719       99.997
SET     286.719       99.997
SET     288.767       99.997
SET     301.055       99.998
SET     307.199       99.998
SET     309.247       99.998
SET     313.343       99.998
SET     327.679       99.998
SET     335.871       99.998
SET     339.967       99.998
SET     339.967       99.999
SET     346.111       99.999
SET     346.111       99.999
SET     356.351       99.999
SET     356.351       99.999
SET     358.399       99.999
SET     358.399       99.999
SET     358.399       99.999
SET     358.399       99.999
SET     358.399       99.999
SET     376.831       99.999
SET     376.831       99.999
SET     376.831       99.999
SET     387.071       99.999
SET     387.071       99.999
SET     387.071       99.999
SET     399.359      100.000
SET     399.359      100.000
SET     399.359      100.000
SET     399.359      100.000
SET     423.935      100.000
SET     423.935      100.000
SET     423.935      100.000
SET     423.935      100.000
SET     423.935      100.000
SET     423.935      100.000
SET     423.935      100.000
SET     423.935      100.000
SET     423.935      100.000
SET     423.935      100.000
SET     423.935      100.000
SET     423.935      100.000
SET     423.935      100.000
SET     423.935      100.000
SET     423.935      100.000
SET     423.935      100.000
SET     438.271      100.000
SET     438.271      100.000
---
GET       0.167        0.000
GET       3.567        5.000
GET       5.375       10.000
GET       7.039       15.000
GET       7.743       20.000
GET       8.319       25.000
GET       8.575       30.000
GET       8.895       35.000
GET       9.023       40.000
GET       9.151       45.000
GET       9.407       50.000
GET       9.727       52.500
GET       9.919       55.000
GET      10.431       57.500
GET      11.071       60.000
GET      12.095       62.500
GET      12.991       65.000
GET      13.951       67.500
GET      15.039       70.000
GET      16.063       72.500
GET      16.639       75.000
GET      16.895       76.250
GET      17.151       77.500
GET      17.407       78.750
GET      17.919       80.000
GET      18.687       81.250
GET      19.327       82.500
GET      20.095       83.750
GET      20.607       85.000
GET      20.991       86.250
GET      21.375       87.500
GET      21.631       88.125
GET      21.887       88.750
GET      22.399       89.375
GET      22.911       90.000
GET      23.679       90.625
GET      24.447       91.250
GET      25.087       91.875
GET      25.727       92.500
GET      26.751       93.125
GET      28.031       93.750
GET      28.543       94.062
GET      28.927       94.375
GET      29.311       94.688
GET      29.695       95.000
GET      30.335       95.312
GET      31.103       95.625
GET      31.871       95.938
GET      32.639       96.250
GET      33.535       96.562
GET      34.559       96.875
GET      35.327       97.031
GET      36.351       97.188
GET      37.375       97.344
GET      38.143       97.500
GET      39.679       97.656
GET      41.471       97.812
GET      43.775       97.969
GET      46.847       98.125
GET      50.687       98.281
GET      55.295       98.438
GET      57.855       98.516
GET      60.671       98.594
GET      63.487       98.672
GET      67.071       98.750
GET      70.143       98.828
GET      74.239       98.906
GET      78.847       98.984
GET      84.479       99.062
GET      90.111       99.141
GET      95.743       99.219
GET      98.815       99.258
GET     101.887       99.297
GET     104.959       99.336
GET     108.543       99.375
GET     112.127       99.414
GET     115.199       99.453
GET     118.783       99.492
GET     122.367       99.531
GET     125.951       99.570
GET     129.535       99.609
GET     132.095       99.629
GET     134.143       99.648
GET     137.215       99.668
GET     139.263       99.688
GET     142.335       99.707
GET     145.407       99.727
GET     148.479       99.746
GET     151.551       99.766
GET     155.647       99.785
GET     159.743       99.805
GET     162.815       99.814
GET     164.863       99.824
GET     166.911       99.834
GET     169.983       99.844
GET     173.055       99.854
GET     176.127       99.863
GET     180.223       99.873
GET     183.295       99.883
GET     187.391       99.893
GET     190.463       99.902
GET     192.511       99.907
GET     194.559       99.912
GET     196.607       99.917
GET     198.655       99.922
GET     200.703       99.927
GET     203.775       99.932
GET     205.823       99.937
GET     207.871       99.941
GET     209.919       99.946
GET     212.991       99.951
GET     214.015       99.954
GET     216.063       99.956
GET     218.111       99.958
GET     219.135       99.961
GET     221.183       99.963
GET     222.207       99.966
GET     224.255       99.968
GET     226.303       99.971
GET     229.375       99.973
GET     232.447       99.976
GET     233.471       99.977
GET     234.495       99.978
GET     235.519       99.979
GET     237.567       99.980
GET     239.615       99.982
GET     241.663       99.983
GET     244.735       99.984
GET     246.783       99.985
GET     249.855       99.987
GET     251.903       99.988
GET     252.927       99.988
GET     254.975       99.989
GET     257.023       99.990
GET     259.071       99.990
GET     260.095       99.991
GET     262.143       99.991
GET     264.191       99.992
GET     266.239       99.993
GET     268.287       99.993
GET     274.431       99.994
GET     276.479       99.994
GET     280.575       99.995
GET     282.623       99.995
GET     284.671       99.995
GET     286.719       99.995
GET     288.767       99.996
GET     290.815       99.996
GET     296.959       99.996
GET     299.007       99.997
GET     307.199       99.997
GET     309.247       99.997
GET     309.247       99.997
GET     311.295       99.997
GET     311.295       99.998
GET     319.487       99.998
GET     327.679       99.998
GET     333.823       99.998
GET     337.919       99.998
GET     339.967       99.998
GET     342.015       99.998
GET     344.063       99.999
GET     346.111       99.999
GET     354.303       99.999
GET     356.351       99.999
GET     356.351       99.999
GET     358.399       99.999
GET     358.399       99.999
GET     360.447       99.999
GET     376.831       99.999
GET     378.879       99.999
GET     380.927       99.999
GET     387.071       99.999
GET     387.071       99.999
GET     389.119       99.999
GET     389.119       99.999
GET     393.215       99.999
GET     393.215      100.000
GET     395.263      100.000
GET     395.263      100.000
GET     397.311      100.000
GET     397.311      100.000
GET     397.311      100.000
GET     399.359      100.000
GET     399.359      100.000
GET     399.359      100.000
GET     401.407      100.000
GET     401.407      100.000
GET     401.407      100.000
GET     415.743      100.000
GET     415.743      100.000
GET     415.743      100.000
GET     415.743      100.000
GET     415.743      100.000
GET     415.743      100.000
GET     415.743      100.000
GET     417.791      100.000
GET     417.791      100.000
GET     417.791      100.000
GET     423.935      100.000
GET     423.935      100.000
GET     423.935      100.000
GET     438.271      100.000
GET     438.271      100.000
GET     438.271      100.000
GET     438.271      100.000
GET     438.271      100.000
GET     438.271      100.000
GET     438.271      100.000
GET     438.271      100.000
GET     438.271      100.000
GET     438.271      100.000
GET     438.271      100.000
GET     438.271      100.000
GET     438.271      100.000
GET     438.271      100.000
GET     438.271      100.000
GET     438.271      100.000
GET     438.271      100.000
GET     438.271      100.000
GET     438.271      100.000
GET     438.271      100.000
GET     438.271      100.000
GET     438.271      100.000
GET     438.271      100.000
GET     438.271      100.000
GET     438.271      100.000
GET     438.271      100.000
GET     438.271      100.000
GET     438.271      100.000
GET     440.319      100.000
GET     440.319      100.000
---
WAIT      0.000      100.000
