4         Threads
50        Connections per thread
600       Seconds


ALL STATS
============================================================================================================================
Type         Ops/sec     Hits/sec   Misses/sec    Avg. Latency     p50 Latency     p99 Latency   p99.9 Latency       KB/sec 
----------------------------------------------------------------------------------------------------------------------------
Sets         1306.08          ---          ---        13.95401         9.21500        85.50300       220.15900       100.62 
Gets        13059.24         2.33     13056.91        13.89429         9.21500        81.91900       217.08700       508.77 
Waits           0.00          ---          ---             ---             ---             ---             ---          --- 
Totals      14365.32         2.33     13056.91        13.89972         9.21500        81.91900       217.08700       609.39 


Request Latency Distribution
Type     <= msec         Percent
------------------------------------------------------------------------
SET       0.191        0.000
SET       3.551        5.000
SET       5.503       10.000
SET       7.327       15.000
SET       8.511       20.000
SET       8.831       25.000
SET       8.895       30.000
SET       8.959       35.000
SET       9.023       40.000
SET       9.087       45.000
SET       9.215       50.000
SET       9.279       52.500
SET       9.343       55.000
SET       9.599       57.500
SET       9.855       60.000
SET      10.367       62.500
SET      11.199       65.000
SET      12.223       67.500
SET      13.439       70.000
SET      14.783       72.500
SET      16.063       75.000
SET      16.639       76.250
SET      17.023       77.500
SET      17.151       78.750
SET      17.535       80.000
SET      18.175       81.250
SET      18.943       82.500
SET      19.711       83.750
SET      20.479       85.000
SET      21.119       86.250
SET      21.375       87.500
SET      21.759       88.125
SET      22.143       88.750
SET      22.783       89.375
SET      23.551       90.000
SET      24.319       90.625
SET      25.215       91.250
SET      25.983       91.875
SET      27.135       92.500
SET      28.287       93.125
SET      29.311       93.750
SET      29.695       94.062
SET      30.335       94.375
SET      30.975       94.688
SET      31.743       95.000
SET      32.383       95.312
SET      33.279       95.625
SET      34.047       95.938
SET      35.327       96.250
SET      36.607       96.562
SET      38.143       96.875
SET      38.911       97.031
SET      39.935       97.188
SET      40.959       97.344
SET      42.239       97.500
SET      43.519       97.656
SET      45.823       97.812
SET      48.639       97.969
SET      51.199       98.125
SET      54.783       98.281
SET      59.391       98.438
SET      61.951       98.516
SET      64.255       98.594
SET      67.583       98.672
SET      70.655       98.750
SET      74.751       98.828
SET      79.871       98.906
SET      84.479       98.984
SET      89.087       99.062
SET      94.719       99.141
SET     101.375       99.219
SET     104.959       99.258
SET     109.055       99.297
SET     112.639       99.336
SET     116.735       99.375
SET     120.831       99.414
SET     123.903       99.453
SET     127.999       99.492
SET     132.095       99.531
SET     137.215       99.570
SET     142.335       99.609
SET     145.407       99.629
SET     147.455       99.648
SET     150.527       99.668
SET     154.623       99.688
SET     157.695       99.707
SET     160.767       99.727
SET     164.863       99.746
SET     169.983       99.766
SET     175.103       99.785
SET     181.247       99.805
SET     184.319       99.814
SET     187.391       99.824
SET     190.463       99.834
SET     194.559       99.844
SET     198.655       99.854
SET     203.775       99.863
SET     207.871       99.873
SET     212.991       99.883
SET     217.087       99.893
SET     221.183       99.902
SET     223.231       99.907
SET     225.279       99.912
SET     228.351       99.917
SET     230.399       99.922
SET     232.447       99.927
SET     234.495       99.932
SET     237.567       99.937
SET     240.639       99.941
SET     243.711       99.946
SET     247.807       99.951
SET     248.831       99.954
SET     249.855       99.956
SET     251.903       99.958
SET     253.951       99.961
SET     255.999       99.963
SET     259.071       99.966
SET     261.119       99.968
SET     264.191       99.971
SET     266.239       99.973
SET     270.335       99.976
SET     272.383       99.977
SET     272.383       99.978
SET     276.479       99.979
SET     278.527       99.980
SET     280.575       99.982
SET     284.671       99.983
SET     286.719       99.984
SET     288.767       99.985
SET     292.863       99.987
SET     294.911       99.988
SET     296.959       99.988
SET     299.007       99.989
SET     301.055       99.990
SET     303.103       99.990
SET     307.199       99.991
SET     311.295       99.991
SET     313.343       99.992
SET     315.391       99.993
SET     319.487       99.993
SET     323.583       99.994
SET     323.583       99.994
SET     323.583       99.995
SET     323.583       99.995
SET     323.583       99.995
SET     325.631       99.995
SET     327.679       99.996
SET     327.679       99.996
SET     329.727       99.996
SET     331.775       99.997
SET     337.919       99.997
SET     337.919       99.997
SET     339.967       99.997
SET     339.967       99.997
SET     339.967       99.998
SET     342.015       99.998
SET     344.063       99.998
SET     348.159       99.998
SET     348.159       99.998
SET     350.207       99.998
SET     354.303       99.998
SET     354.303       99.999
SET     354.303       99.999
SET     354.303       99.999
SET     354.303       99.999
SET     356.351       99.999
SET     356.351       99.999
SET     356.351       99.999
SET     356.351       99.999
SET     368.639       99.999
SET     370.687       99.999
SET     370.687       99.999
SET     370.687       99.999
SET     370.687       99.999
SET     382.975       99.999
SET     382.975       99.999
SET     382.975       99.999
SET     393.215      100.000
SET     393.215      100.000
SET     393.215      100.000
SET     393.215      100.000
SET     393.215      100.000
SET     393.215      100.000
SET     393.215      100.000
SET     393.215      100.000
SET     393.215      100.000
SET     393.215      100.000
SET     401.407      100.000
SET     401.407      100.000
SET     401.407      100.000
SET     401.407      100.000
SET     401.407      100.000
SET     401.407      100.000
SET     401.407      100.000
SET     401.407      100.000
SET     401.407      100.000
SET     401.407      100.000
SET     425.983      100.000
SET     425.983      100.000
---
GET       0.167        0.000
GET       3.535        5.000
GET       5.503       10.000
GET       7.327       15.000
GET       8.511       20.000
GET       8.831       25.000
GET       8.895       30.000
GET       8.959       35.000
GET       9.023       40.000
GET       9.087       45.000
GET       9.215       50.000
GET       9.279       52.500
GET       9.343       55.000
GET       9.599       57.500
GET       9.855       60.000
GET      10.367       62.500
GET      11.135       65.000
GET      12.223       67.500
GET      13.375       70.000
GET      14.783       72.500
GET      15.999       75.000
GET      16.639       76.250
GET      17.023       77.500
GET      17.151       78.750
GET      17.535       80.000
GET      18.175       81.250
GET      18.943       82.500
GET      19.711       83.750
GET      20.479       85.000
GET      21.119       86.250
GET      21.375       87.500
GET      21.631       88.125
GET      22.143       88.750
GET      22.783       89.375
GET      23.551       90.000
GET      24.319       90.625
GET      25.087       91.250
GET      25.855       91.875
GET      27.007       92.500
GET      28.287       93.125
GET      29.311       93.750
GET      29.695       94.062
GET      30.207       94.375
GET      30.847       94.688
GET      31.487       95.000
GET      32.255       95.312
GET      33.023       95.625
GET      33.791       95.938
GET      35.071       96.250
GET      36.351       96.562
GET      37.887       96.875
GET      38.655       97.031
GET      39.679       97.188
GET      40.703       97.344
GET      41.727       97.500
GET      43.007       97.656
GET      45.055       97.812
GET      47.359       97.969
GET      50.431       98.125
GET      53.503       98.281
GET      57.343       98.438
GET      59.903       98.516
GET      62.207       98.594
GET      64.767       98.672
GET      68.095       98.750
GET      71.679       98.828
GET      75.775       98.906
GET      80.895       98.984
GET      86.527       99.062
GET      92.671       99.141
GET      99.327       99.219
GET     103.423       99.258
GET     107.519       99.297
GET     111.103       99.336
GET     114.687       99.375
GET     118.783       99.414
GET     122.879       99.453
GET     126.975       99.492
GET     131.071       99.531
GET     136.191       99.570
GET     141.311       99.609
GET     143.359       99.629
GET     146.431       99.648
GET     149.503       99.668
GET     152.575       99.688
GET     155.647       99.707
GET     159.743       99.727
GET     163.839       99.746
GET     167.935       99.766
GET     173.055       99.785
GET     179.199       99.805
GET     182.271       99.814
GET     185.343       99.824
GET     188.415       99.834
GET     191.487       99.844
GET     195.583       99.854
GET     200.703       99.863
GET     204.799       99.873
GET     208.895       99.883
GET     212.991       99.893
GET     218.111       99.902
GET     220.159       99.907
GET     223.231       99.912
GET     225.279       99.917
GET     227.327       99.922
GET     229.375       99.927
GET     231.423       99.932
GET     235.519       99.937
GET     238.591       99.941
GET     241.663       99.946
GET     245.759       99.951
GET     247.807       99.954
GET     248.831       99.956
GET     250.879       99.958
GET     252.927       99.961
GET     255.999       99.963
GET     258.047       99.966
GET     261.119       99.968
GET     264.191       99.971
GET     268.287       99.973
GET     272.383       99.976
GET     274.431       99.977
GET     278.527       99.978
GET     280.575       99.979
GET     282.623       99.980
GET     284.671       99.982
GET     286.719       99.983
GET     290.815       99.984
GET     292.863       99.985
GET     296.959       99.987
GET     299.007       99.988
GET     301.055       99.988
GET     303.103       99.989
GET     305.151       99.990
GET     309.247       99.990
GET     311.295       99.991
GET     313.343       99.991
GET     315.391       99.992
GET     319.487       99.993
GET     321.535       99.993
GET     323.583       99.994
GET     323.583       99.994
GET     325.631       99.995
GET     327.679       99.995
GET     327.679       99.995
GET     329.727       99.995
GET     331.775       99.996
GET     333.823       99.996
GET     337.919       99.996
GET     337.919       99.997
GET     339.967       99.997
GET     339.967       99.997
GET     342.015       99.997
GET     344.063       99.997
GET     346.111       99.998
GET     348.159       99.998
GET     350.207       99.998
GET     354.303       99.998
GET     354.303       99.998
GET     356.351       99.998
GET     356.351       99.998
GET     358.399       99.999
GET     362.495       99.999
GET     368.639       99.999
GET     372.735       99.999
GET     374.783       99.999
GET     380.927       99.999
GET     382.975       99.999
GET     385.023       99.999
GET     385.023       99.999
GET     393.215       99.999
GET     393.215       99.999
GET     395.263       99.999
GET     395.263       99.999
GET     397.311       99.999
GET     397.311       99.999
GET     397.311       99.999
GET     399.359      100.000
GET     403.455      100.000
GET     405.503      100.000
GET     405.503      100.000
GET     405.503      100.000
GET     417.791      100.000
GET     417.791      100.000
GET     417.791      100.000
GET     417.791      100.000
GET     419.839      100.000
GET     419.839      100.000
GET     419.839      100.000
GET     423.935      100.000
GET     425.983      100.000
GET     425.983      100.000
GET     425.983      100.000
GET     425.983      100.000
GET     425.983      100.000
GET     425.983      100.000
GET     425.983      100.000
GET     425.983      100.000
GET     432.127      100.000
GET     432.127      100.000
GET     432.127      100.000
GET     432.127      100.000
GET     432.127      100.000
GET     432.127      100.000
GET     432.127      100.000
GET     432.127      100.000
GET     432.127      100.000
GET     432.127      100.000
GET     432.127      100.000
GET     432.127      100.000
GET     434.175      100.000
GET     434.175      100.000
---
WAIT      0.000      100.000
