3502:C 26 Nov 2023 09:35:22.786 # oO0OoO0OoO0Oo Redis is starting oO0OoO0OoO0Oo
3502:C 26 Nov 2023 09:35:22.786 # Redis version=7.0.11, bits=64, commit=00000000, modified=0, pid=3502, just started
3502:C 26 Nov 2023 09:35:22.786 # Warning: no config file specified, using the default config. In order to specify a config file use redis-server /path/to/redis.conf
3502:M 26 Nov 2023 09:35:22.786 * monotonic clock: POSIX clock_gettime
3502:M 26 Nov 2023 09:35:22.787 * Running mode=standalone, port=6379.
3502:M 26 Nov 2023 09:35:22.787 # Server initialized
3502:M 26 Nov 2023 09:35:22.788 * Ready to accept connections
3502:M 26 Nov 2023 09:36:23.039 * 10000 changes in 60 seconds. Saving...
3502:M 26 Nov 2023 09:36:23.040 * Background saving started by pid 3518
3518:C 26 Nov 2023 09:36:23.064 * DB saved on disk
3518:C 26 Nov 2023 09:36:23.065 * Fork CoW for RDB: current 0 MB, peak 0 MB, average 0 MB
3502:M 26 Nov 2023 09:36:23.149 * Background saving terminated with success
3502:M 26 Nov 2023 09:37:24.009 * 10000 changes in 60 seconds. Saving...
3502:M 26 Nov 2023 09:37:24.009 * Background saving started by pid 3519
3519:C 26 Nov 2023 09:37:24.054 * DB saved on disk
3519:C 26 Nov 2023 09:37:24.055 * Fork CoW for RDB: current 1 MB, peak 1 MB, average 0 MB
3502:M 26 Nov 2023 09:37:24.128 * Background saving terminated with success
3502:M 26 Nov 2023 09:38:25.012 * 10000 changes in 60 seconds. Saving...
3502:M 26 Nov 2023 09:38:25.012 * Background saving started by pid 3520
3520:C 26 Nov 2023 09:38:25.063 * DB saved on disk
3520:C 26 Nov 2023 09:38:25.064 * Fork CoW for RDB: current 1 MB, peak 1 MB, average 0 MB
3502:M 26 Nov 2023 09:38:25.115 * Background saving terminated with success
3502:M 26 Nov 2023 09:39:26.003 * 10000 changes in 60 seconds. Saving...
3502:M 26 Nov 2023 09:39:26.003 * Background saving started by pid 3521
3521:C 26 Nov 2023 09:39:26.122 * DB saved on disk
3521:C 26 Nov 2023 09:39:26.123 * Fork CoW for RDB: current 1 MB, peak 1 MB, average 1 MB
3502:M 26 Nov 2023 09:39:26.126 * Background saving terminated with success
3502:M 26 Nov 2023 09:40:27.070 * 10000 changes in 60 seconds. Saving...
3502:M 26 Nov 2023 09:40:27.070 * Background saving started by pid 3522
3522:C 26 Nov 2023 09:40:27.123 * DB saved on disk
3522:C 26 Nov 2023 09:40:27.124 * Fork CoW for RDB: current 1 MB, peak 1 MB, average 1 MB
3502:M 26 Nov 2023 09:40:27.172 * Background saving terminated with success
3502:M 26 Nov 2023 09:41:28.090 * 10000 changes in 60 seconds. Saving...
3502:M 26 Nov 2023 09:41:28.091 * Background saving started by pid 3523
3523:C 26 Nov 2023 09:41:28.175 * DB saved on disk
3523:C 26 Nov 2023 09:41:28.176 * Fork CoW for RDB: current 1 MB, peak 1 MB, average 0 MB
3502:M 26 Nov 2023 09:41:28.194 * Background saving terminated with success
3502:M 26 Nov 2023 09:42:29.026 * 10000 changes in 60 seconds. Saving...
3502:M 26 Nov 2023 09:42:29.026 * Background saving started by pid 3524
3524:C 26 Nov 2023 09:42:29.094 * DB saved on disk
3524:C 26 Nov 2023 09:42:29.113 * Fork CoW for RDB: current 1 MB, peak 1 MB, average 0 MB
3502:M 26 Nov 2023 09:42:29.137 * Background saving terminated with success
3502:M 26 Nov 2023 09:43:30.021 * 10000 changes in 60 seconds. Saving...
3502:M 26 Nov 2023 09:43:30.022 * Background saving started by pid 3525
3525:C 26 Nov 2023 09:43:30.055 * DB saved on disk
3525:C 26 Nov 2023 09:43:30.056 * Fork CoW for RDB: current 1 MB, peak 1 MB, average 0 MB
3502:M 26 Nov 2023 09:43:30.134 * Background saving terminated with success
3502:M 26 Nov 2023 09:44:31.051 * 10000 changes in 60 seconds. Saving...
3502:M 26 Nov 2023 09:44:31.051 * Background saving started by pid 3526
3526:C 26 Nov 2023 09:44:31.155 * DB saved on disk
3526:C 26 Nov 2023 09:44:31.156 * Fork CoW for RDB: current 1 MB, peak 1 MB, average 1 MB
3502:M 26 Nov 2023 09:44:31.169 * Background saving terminated with success
3502:M 26 Nov 2023 09:45:32.050 * 10000 changes in 60 seconds. Saving...
3502:M 26 Nov 2023 09:45:32.050 * Background saving started by pid 3527
3527:C 26 Nov 2023 09:45:32.071 * DB saved on disk
3527:C 26 Nov 2023 09:45:32.072 * Fork CoW for RDB: current 0 MB, peak 0 MB, average 0 MB
3502:M 26 Nov 2023 09:45:32.150 * Background saving terminated with success
