4         Threads
50        Connections per thread
600       Seconds


ALL STATS
============================================================================================================================
Type         Ops/sec     Hits/sec   Misses/sec    Avg. Latency     p50 Latency     p99 Latency   p99.9 Latency       KB/sec 
----------------------------------------------------------------------------------------------------------------------------
Sets         1207.77          ---          ---        15.00042         9.72700        95.23100       214.01500        93.04 
Gets        12075.96         4.00     12071.96        15.03523         9.72700        96.76700       219.13500       470.53 
Waits           0.00          ---          ---             ---             ---             ---             ---          --- 
Totals      13283.72         4.00     12071.96        15.03207         9.72700        96.25500       219.13500       563.57 


Request Latency Distribution
Type     <= msec         Percent
------------------------------------------------------------------------
SET       0.191        0.000
SET       3.503        5.000
SET       5.535       10.000
SET       7.103       15.000
SET       7.775       20.000
SET       8.319       25.000
SET       8.511       30.000
SET       8.831       35.000
SET       9.023       40.000
SET       9.279       45.000
SET       9.727       50.000
SET      10.111       52.500
SET      10.623       55.000
SET      11.647       57.500
SET      12.543       60.000
SET      13.439       62.500
SET      14.463       65.000
SET      15.487       67.500
SET      16.383       70.000
SET      16.895       72.500
SET      17.663       75.000
SET      18.047       76.250
SET      18.687       77.500
SET      19.327       78.750
SET      19.967       80.000
SET      20.479       81.250
SET      20.863       82.500
SET      21.247       83.750
SET      21.887       85.000
SET      22.527       86.250
SET      23.679       87.500
SET      24.191       88.125
SET      24.831       88.750
SET      25.343       89.375
SET      25.983       90.000
SET      26.751       90.625
SET      27.647       91.250
SET      28.415       91.875
SET      29.055       92.500
SET      29.823       93.125
SET      30.719       93.750
SET      31.231       94.062
SET      31.871       94.375
SET      32.511       94.688
SET      33.023       95.000
SET      33.791       95.312
SET      34.559       95.625
SET      35.839       95.938
SET      37.375       96.250
SET      38.655       96.562
SET      40.447       96.875
SET      41.471       97.031
SET      42.495       97.188
SET      44.031       97.344
SET      45.823       97.500
SET      47.871       97.656
SET      49.919       97.812
SET      52.479       97.969
SET      55.807       98.125
SET      59.647       98.281
SET      64.511       98.438
SET      67.583       98.516
SET      71.167       98.594
SET      75.263       98.672
SET      79.871       98.750
SET      83.967       98.828
SET      88.575       98.906
SET      94.207       98.984
SET      99.839       99.062
SET     104.959       99.141
SET     111.103       99.219
SET     114.175       99.258
SET     117.247       99.297
SET     119.807       99.336
SET     122.879       99.375
SET     126.463       99.414
SET     130.047       99.453
SET     134.143       99.492
SET     138.239       99.531
SET     142.335       99.570
SET     148.479       99.609
SET     150.527       99.629
SET     153.599       99.648
SET     156.671       99.668
SET     159.743       99.688
SET     162.815       99.707
SET     166.911       99.727
SET     169.983       99.746
SET     174.079       99.766
SET     179.199       99.785
SET     184.319       99.805
SET     186.367       99.814
SET     189.439       99.824
SET     192.511       99.834
SET     195.583       99.844
SET     197.631       99.854
SET     199.679       99.863
SET     203.775       99.873
SET     206.847       99.883
SET     210.943       99.893
SET     215.039       99.902
SET     218.111       99.907
SET     220.159       99.912
SET     222.207       99.917
SET     224.255       99.922
SET     226.303       99.927
SET     229.375       99.932
SET     231.423       99.937
SET     234.495       99.941
SET     236.543       99.946
SET     239.615       99.951
SET     241.663       99.954
SET     243.711       99.956
SET     246.783       99.958
SET     248.831       99.961
SET     250.879       99.963
SET     253.951       99.966
SET     257.023       99.968
SET     260.095       99.971
SET     266.239       99.973
SET     270.335       99.976
SET     272.383       99.977
SET     274.431       99.978
SET     276.479       99.979
SET     280.575       99.980
SET     284.671       99.982
SET     284.671       99.983
SET     286.719       99.984
SET     292.863       99.985
SET     294.911       99.987
SET     301.055       99.988
SET     303.103       99.988
SET     307.199       99.989
SET     309.247       99.990
SET     313.343       99.990
SET     315.391       99.991
SET     317.439       99.991
SET     319.487       99.992
SET     321.535       99.993
SET     327.679       99.993
SET     331.775       99.994
SET     331.775       99.994
SET     339.967       99.995
SET     339.967       99.995
SET     346.111       99.995
SET     350.207       99.995
SET     352.255       99.996
SET     360.447       99.996
SET     366.591       99.996
SET     370.687       99.997
SET     372.735       99.997
SET     372.735       99.997
SET     372.735       99.997
SET     376.831       99.997
SET     385.023       99.998
SET     385.023       99.998
SET     385.023       99.998
SET     385.023       99.998
SET     391.167       99.998
SET     399.359       99.998
SET     399.359       99.998
SET     401.407       99.999
SET     409.599       99.999
SET     409.599       99.999
SET     411.647       99.999
SET     411.647       99.999
SET     413.695       99.999
SET     413.695       99.999
SET     419.839       99.999
SET     419.839       99.999
SET     421.887       99.999
SET     421.887       99.999
SET     440.319       99.999
SET     440.319       99.999
SET     440.319       99.999
SET     440.319       99.999
SET     446.463       99.999
SET     446.463      100.000
SET     446.463      100.000
SET     446.463      100.000
SET     448.511      100.000
SET     448.511      100.000
SET     448.511      100.000
SET     448.511      100.000
SET     448.511      100.000
SET     448.511      100.000
SET     471.039      100.000
SET     471.039      100.000
SET     471.039      100.000
SET     471.039      100.000
SET     471.039      100.000
SET     471.039      100.000
SET     471.039      100.000
SET     471.039      100.000
SET     471.039      100.000
SET     471.039      100.000
SET     483.327      100.000
SET     483.327      100.000
---
GET       0.151        0.000
GET       3.503        5.000
GET       5.535       10.000
GET       7.071       15.000
GET       7.775       20.000
GET       8.319       25.000
GET       8.511       30.000
GET       8.831       35.000
GET       9.023       40.000
GET       9.279       45.000
GET       9.727       50.000
GET      10.111       52.500
GET      10.623       55.000
GET      11.647       57.500
GET      12.543       60.000
GET      13.439       62.500
GET      14.463       65.000
GET      15.487       67.500
GET      16.383       70.000
GET      16.895       72.500
GET      17.663       75.000
GET      18.047       76.250
GET      18.687       77.500
GET      19.327       78.750
GET      19.967       80.000
GET      20.479       81.250
GET      20.863       82.500
GET      21.247       83.750
GET      21.887       85.000
GET      22.527       86.250
GET      23.679       87.500
GET      24.191       88.125
GET      24.831       88.750
GET      25.343       89.375
GET      25.983       90.000
GET      26.751       90.625
GET      27.647       91.250
GET      28.415       91.875
GET      29.055       92.500
GET      29.951       93.125
GET      30.847       93.750
GET      31.231       94.062
GET      31.871       94.375
GET      32.511       94.688
GET      33.023       95.000
GET      33.791       95.312
GET      34.815       95.625
GET      35.839       95.938
GET      37.375       96.250
GET      38.655       96.562
GET      40.447       96.875
GET      41.471       97.031
GET      42.495       97.188
GET      44.287       97.344
GET      46.079       97.500
GET      47.871       97.656
GET      50.175       97.812
GET      52.991       97.969
GET      56.575       98.125
GET      60.415       98.281
GET      65.279       98.438
GET      68.607       98.516
GET      72.191       98.594
GET      76.799       98.672
GET      80.895       98.750
GET      85.503       98.828
GET      90.623       98.906
GET      95.743       98.984
GET     100.863       99.062
GET     106.495       99.141
GET     112.127       99.219
GET     115.199       99.258
GET     117.759       99.297
GET     120.831       99.336
GET     123.903       99.375
GET     127.487       99.414
GET     131.071       99.453
GET     136.191       99.492
GET     140.287       99.531
GET     145.407       99.570
GET     150.527       99.609
GET     153.599       99.629
GET     156.671       99.648
GET     159.743       99.668
GET     162.815       99.688
GET     166.911       99.707
GET     169.983       99.727
GET     174.079       99.746
GET     178.175       99.766
GET     183.295       99.785
GET     187.391       99.805
GET     190.463       99.814
GET     192.511       99.824
GET     195.583       99.834
GET     198.655       99.844
GET     201.727       99.854
GET     205.823       99.863
GET     208.895       99.873
GET     211.967       99.883
GET     216.063       99.893
GET     220.159       99.902
GET     222.207       99.907
GET     225.279       99.912
GET     227.327       99.917
GET     229.375       99.922
GET     232.447       99.927
GET     235.519       99.932
GET     238.591       99.937
GET     241.663       99.941
GET     245.759       99.946
GET     250.879       99.951
GET     252.927       99.954
GET     254.975       99.956
GET     257.023       99.958
GET     259.071       99.961
GET     262.143       99.963
GET     266.239       99.966
GET     270.335       99.968
GET     272.383       99.971
GET     276.479       99.973
GET     280.575       99.976
GET     282.623       99.977
GET     284.671       99.978
GET     288.767       99.979
GET     292.863       99.980
GET     296.959       99.982
GET     299.007       99.983
GET     303.103       99.984
GET     307.199       99.985
GET     313.343       99.987
GET     315.391       99.988
GET     317.439       99.988
GET     319.487       99.989
GET     321.535       99.990
GET     323.583       99.990
GET     325.631       99.991
GET     329.727       99.991
GET     333.823       99.992
GET     335.871       99.993
GET     344.063       99.993
GET     350.207       99.994
GET     352.255       99.994
GET     352.255       99.995
GET     356.351       99.995
GET     360.447       99.995
GET     362.495       99.995
GET     364.543       99.996
GET     368.639       99.996
GET     370.687       99.996
GET     374.783       99.997
GET     376.831       99.997
GET     378.879       99.997
GET     380.927       99.997
GET     385.023       99.997
GET     385.023       99.998
GET     387.071       99.998
GET     391.167       99.998
GET     395.263       99.998
GET     397.311       99.998
GET     401.407       99.998
GET     409.599       99.998
GET     409.599       99.999
GET     411.647       99.999
GET     411.647       99.999
GET     413.695       99.999
GET     413.695       99.999
GET     415.743       99.999
GET     417.791       99.999
GET     421.887       99.999
GET     423.935       99.999
GET     432.127       99.999
GET     440.319       99.999
GET     440.319       99.999
GET     440.319       99.999
GET     440.319       99.999
GET     442.367       99.999
GET     442.367       99.999
GET     442.367      100.000
GET     444.415      100.000
GET     446.463      100.000
GET     448.511      100.000
GET     448.511      100.000
GET     448.511      100.000
GET     448.511      100.000
GET     448.511      100.000
GET     450.559      100.000
GET     450.559      100.000
GET     471.039      100.000
GET     471.039      100.000
GET     471.039      100.000
GET     473.087      100.000
GET     473.087      100.000
GET     479.231      100.000
GET     481.279      100.000
GET     481.279      100.000
GET     481.279      100.000
GET     481.279      100.000
GET     481.279      100.000
GET     481.279      100.000
GET     481.279      100.000
GET     481.279      100.000
GET     481.279      100.000
GET     481.279      100.000
GET     483.327      100.000
GET     483.327      100.000
GET     483.327      100.000
GET     495.615      100.000
GET     495.615      100.000
GET     495.615      100.000
GET     495.615      100.000
GET     495.615      100.000
GET     495.615      100.000
GET     495.615      100.000
GET     495.615      100.000
GET     495.615      100.000
GET     495.615      100.000
GET     495.615      100.000
GET     495.615      100.000
GET     495.615      100.000
GET     497.663      100.000
GET     497.663      100.000
---
WAIT      0.000      100.000
