4         Threads
50        Connections per thread
600       Seconds


ALL STATS
============================================================================================================================
Type         Ops/sec     Hits/sec   Misses/sec    Avg. Latency     p50 Latency     p99 Latency   p99.9 Latency       KB/sec 
----------------------------------------------------------------------------------------------------------------------------
Sets         1249.01          ---          ---        14.56662         9.27900        93.69500       224.25500        96.22 
Gets        12488.38        38.83     12449.56        14.52868         9.21500        93.18300       222.20700       487.75 
Waits           0.00          ---          ---             ---             ---             ---             ---          --- 
Totals      13737.39        38.83     12449.56        14.53213         9.21500        93.18300       222.20700       583.97 


Request Latency Distribution
Type     <= msec         Percent
------------------------------------------------------------------------
SET       0.151        0.000
SET       3.407        5.000
SET       4.991       10.000
SET       6.527       15.000
SET       7.231       20.000
SET       7.903       25.000
SET       8.383       30.000
SET       8.575       35.000
SET       8.831       40.000
SET       9.023       45.000
SET       9.279       50.000
SET       9.599       52.500
SET       9.983       55.000
SET      10.687       57.500
SET      11.711       60.000
SET      12.671       62.500
SET      13.695       65.000
SET      14.847       67.500
SET      15.871       70.000
SET      16.639       72.500
SET      17.279       75.000
SET      17.535       76.250
SET      18.047       77.500
SET      18.687       78.750
SET      19.327       80.000
SET      19.967       81.250
SET      20.607       82.500
SET      20.991       83.750
SET      21.375       85.000
SET      22.015       86.250
SET      22.911       87.500
SET      23.551       88.125
SET      24.191       88.750
SET      24.831       89.375
SET      25.343       90.000
SET      25.983       90.625
SET      26.751       91.250
SET      27.903       91.875
SET      28.671       92.500
SET      29.439       93.125
SET      30.335       93.750
SET      30.847       94.062
SET      31.487       94.375
SET      32.127       94.688
SET      33.023       95.000
SET      33.535       95.312
SET      34.303       95.625
SET      35.327       95.938
SET      36.607       96.250
SET      37.887       96.562
SET      39.423       96.875
SET      40.447       97.031
SET      41.471       97.188
SET      42.751       97.344
SET      44.799       97.500
SET      46.591       97.656
SET      48.895       97.812
SET      51.455       97.969
SET      55.039       98.125
SET      59.135       98.281
SET      63.743       98.438
SET      66.559       98.516
SET      69.631       98.594
SET      73.727       98.672
SET      77.311       98.750
SET      81.919       98.828
SET      87.039       98.906
SET      92.671       98.984
SET      98.303       99.062
SET     103.935       99.141
SET     110.591       99.219
SET     113.663       99.258
SET     117.247       99.297
SET     120.831       99.336
SET     124.415       99.375
SET     127.999       99.414
SET     132.095       99.453
SET     137.215       99.492
SET     141.311       99.531
SET     145.407       99.570
SET     151.551       99.609
SET     154.623       99.629
SET     157.695       99.648
SET     161.791       99.668
SET     164.863       99.688
SET     168.959       99.707
SET     173.055       99.727
SET     177.151       99.746
SET     181.247       99.766
SET     186.367       99.785
SET     191.487       99.805
SET     194.559       99.814
SET     196.607       99.824
SET     200.703       99.834
SET     203.775       99.844
SET     206.847       99.854
SET     211.967       99.863
SET     214.015       99.873
SET     217.087       99.883
SET     221.183       99.893
SET     225.279       99.902
SET     228.351       99.907
SET     230.399       99.912
SET     232.447       99.917
SET     234.495       99.922
SET     235.519       99.927
SET     238.591       99.932
SET     241.663       99.937
SET     244.735       99.941
SET     247.807       99.946
SET     252.927       99.951
SET     254.975       99.954
SET     255.999       99.956
SET     258.047       99.958
SET     261.119       99.961
SET     264.191       99.963
SET     268.287       99.966
SET     270.335       99.968
SET     274.431       99.971
SET     278.527       99.973
SET     284.671       99.976
SET     286.719       99.977
SET     288.767       99.978
SET     290.815       99.979
SET     292.863       99.980
SET     292.863       99.982
SET     296.959       99.983
SET     299.007       99.984
SET     301.055       99.985
SET     303.103       99.987
SET     307.199       99.988
SET     309.247       99.988
SET     309.247       99.989
SET     311.295       99.990
SET     313.343       99.990
SET     317.439       99.991
SET     317.439       99.991
SET     321.535       99.992
SET     327.679       99.993
SET     329.727       99.993
SET     333.823       99.994
SET     335.871       99.994
SET     337.919       99.995
SET     339.967       99.995
SET     342.015       99.995
SET     344.063       99.995
SET     344.063       99.996
SET     352.255       99.996
SET     352.255       99.996
SET     352.255       99.997
SET     354.303       99.997
SET     354.303       99.997
SET     354.303       99.997
SET     356.351       99.997
SET     356.351       99.998
SET     358.399       99.998
SET     360.447       99.998
SET     366.591       99.998
SET     368.639       99.998
SET     368.639       99.998
SET     368.639       99.998
SET     370.687       99.999
SET     370.687       99.999
SET     372.735       99.999
SET     372.735       99.999
SET     372.735       99.999
SET     372.735       99.999
SET     372.735       99.999
SET     376.831       99.999
SET     376.831       99.999
SET     378.879       99.999
SET     378.879       99.999
SET     378.879       99.999
SET     385.023       99.999
SET     385.023       99.999
SET     385.023       99.999
SET     385.023       99.999
SET     391.167      100.000
SET     391.167      100.000
SET     391.167      100.000
SET     393.215      100.000
SET     393.215      100.000
SET     393.215      100.000
SET     393.215      100.000
SET     393.215      100.000
SET     393.215      100.000
SET     393.215      100.000
SET     393.215      100.000
SET     393.215      100.000
SET     393.215      100.000
SET     393.215      100.000
SET     393.215      100.000
SET     393.215      100.000
SET     393.215      100.000
SET     393.215      100.000
SET     393.215      100.000
SET     393.215      100.000
SET     421.887      100.000
SET     421.887      100.000
---
GET       0.151        0.000
GET       3.375        5.000
GET       4.991       10.000
GET       6.527       15.000
GET       7.231       20.000
GET       7.903       25.000
GET       8.383       30.000
GET       8.575       35.000
GET       8.831       40.000
GET       9.023       45.000
GET       9.215       50.000
GET       9.599       52.500
GET       9.919       55.000
GET      10.623       57.500
GET      11.711       60.000
GET      12.607       62.500
GET      13.695       65.000
GET      14.783       67.500
GET      15.871       70.000
GET      16.639       72.500
GET      17.279       75.000
GET      17.535       76.250
GET      18.047       77.500
GET      18.687       78.750
GET      19.327       80.000
GET      19.967       81.250
GET      20.479       82.500
GET      20.991       83.750
GET      21.375       85.000
GET      22.015       86.250
GET      22.911       87.500
GET      23.551       88.125
GET      24.063       88.750
GET      24.703       89.375
GET      25.343       90.000
GET      25.983       90.625
GET      26.751       91.250
GET      27.775       91.875
GET      28.671       92.500
GET      29.439       93.125
GET      30.335       93.750
GET      30.847       94.062
GET      31.487       94.375
GET      32.127       94.688
GET      32.767       95.000
GET      33.535       95.312
GET      34.303       95.625
GET      35.327       95.938
GET      36.607       96.250
GET      37.887       96.562
GET      39.423       96.875
GET      40.447       97.031
GET      41.471       97.188
GET      42.751       97.344
GET      44.543       97.500
GET      46.335       97.656
GET      48.639       97.812
GET      51.455       97.969
GET      54.527       98.125
GET      58.623       98.281
GET      63.487       98.438
GET      66.047       98.516
GET      69.119       98.594
GET      73.215       98.672
GET      76.799       98.750
GET      80.895       98.828
GET      86.015       98.906
GET      92.159       98.984
GET      97.791       99.062
GET     103.423       99.141
GET     109.567       99.219
GET     113.151       99.258
GET     116.223       99.297
GET     119.807       99.336
GET     123.391       99.375
GET     126.975       99.414
GET     130.559       99.453
GET     135.167       99.492
GET     139.263       99.531
GET     144.383       99.570
GET     149.503       99.609
GET     151.551       99.629
GET     154.623       99.648
GET     157.695       99.668
GET     161.791       99.688
GET     164.863       99.707
GET     168.959       99.727
GET     173.055       99.746
GET     178.175       99.766
GET     183.295       99.785
GET     188.415       99.805
GET     191.487       99.814
GET     193.535       99.824
GET     196.607       99.834
GET     199.679       99.844
GET     203.775       99.854
GET     206.847       99.863
GET     210.943       99.873
GET     215.039       99.883
GET     219.135       99.893
GET     223.231       99.902
GET     226.303       99.907
GET     229.375       99.912
GET     231.423       99.917
GET     233.471       99.922
GET     236.543       99.927
GET     238.591       99.932
GET     241.663       99.937
GET     244.735       99.941
GET     248.831       99.946
GET     251.903       99.951
GET     252.927       99.954
GET     254.975       99.956
GET     257.023       99.958
GET     259.071       99.961
GET     262.143       99.963
GET     264.191       99.966
GET     268.287       99.968
GET     270.335       99.971
GET     274.431       99.973
GET     278.527       99.976
GET     280.575       99.977
GET     282.623       99.978
GET     284.671       99.979
GET     286.719       99.980
GET     290.815       99.982
GET     292.863       99.983
GET     294.911       99.984
GET     296.959       99.985
GET     299.007       99.987
GET     301.055       99.988
GET     303.103       99.988
GET     305.151       99.989
GET     305.151       99.990
GET     309.247       99.990
GET     311.295       99.991
GET     315.391       99.991
GET     317.439       99.992
GET     317.439       99.993
GET     321.535       99.993
GET     325.631       99.994
GET     329.727       99.994
GET     331.775       99.995
GET     333.823       99.995
GET     335.871       99.995
GET     337.919       99.995
GET     339.967       99.996
GET     342.015       99.996
GET     344.063       99.996
GET     346.111       99.997
GET     350.207       99.997
GET     352.255       99.997
GET     352.255       99.997
GET     354.303       99.997
GET     354.303       99.998
GET     354.303       99.998
GET     354.303       99.998
GET     356.351       99.998
GET     360.447       99.998
GET     366.591       99.998
GET     368.639       99.998
GET     370.687       99.999
GET     372.735       99.999
GET     372.735       99.999
GET     372.735       99.999
GET     374.783       99.999
GET     374.783       99.999
GET     376.831       99.999
GET     376.831       99.999
GET     378.879       99.999
GET     385.023       99.999
GET     389.119       99.999
GET     391.167       99.999
GET     391.167       99.999
GET     391.167       99.999
GET     393.215       99.999
GET     393.215       99.999
GET     397.311      100.000
GET     409.599      100.000
GET     411.647      100.000
GET     411.647      100.000
GET     413.695      100.000
GET     419.839      100.000
GET     419.839      100.000
GET     419.839      100.000
GET     419.839      100.000
GET     421.887      100.000
GET     421.887      100.000
GET     421.887      100.000
GET     421.887      100.000
GET     423.935      100.000
GET     423.935      100.000
GET     423.935      100.000
GET     423.935      100.000
GET     423.935      100.000
GET     423.935      100.000
GET     423.935      100.000
GET     423.935      100.000
GET     423.935      100.000
GET     452.607      100.000
GET     452.607      100.000
GET     452.607      100.000
GET     452.607      100.000
GET     452.607      100.000
GET     452.607      100.000
GET     452.607      100.000
GET     452.607      100.000
GET     452.607      100.000
GET     452.607      100.000
GET     452.607      100.000
GET     452.607      100.000
GET     452.607      100.000
GET     452.607      100.000
GET     452.607      100.000
GET     452.607      100.000
GET     452.607      100.000
GET     452.607      100.000
GET     452.607      100.000
GET     452.607      100.000
GET     452.607      100.000
GET     452.607      100.000
GET     452.607      100.000
GET     452.607      100.000
GET     452.607      100.000
GET     452.607      100.000
GET     452.607      100.000
GET     452.607      100.000
GET     452.607      100.000
GET     452.607      100.000
GET     454.655      100.000
GET     454.655      100.000
---
WAIT      0.000      100.000
