4         Threads
50        Connections per thread
600       Seconds


ALL STATS
============================================================================================================================
Type         Ops/sec     Hits/sec   Misses/sec    Avg. Latency     p50 Latency     p99 Latency   p99.9 Latency       KB/sec 
----------------------------------------------------------------------------------------------------------------------------
Sets         1214.86          ---          ---        14.92918         9.98300        90.11100       209.91900        93.59 
Gets        12147.04         4.17     12142.87        14.94667         9.98300        91.13500       209.91900       473.30 
Waits           0.00          ---          ---             ---             ---             ---             ---          --- 
Totals      13361.90         4.17     12142.87        14.94508         9.98300        91.13500       209.91900       566.89 


Request Latency Distribution
Type     <= msec         Percent
------------------------------------------------------------------------
SET       0.175        0.000
SET       3.487        5.000
SET       5.311       10.000
SET       6.943       15.000
SET       7.839       20.000
SET       8.447       25.000
SET       8.767       30.000
SET       9.023       35.000
SET       9.151       40.000
SET       9.343       45.000
SET       9.983       50.000
SET      10.559       52.500
SET      11.327       55.000
SET      12.223       57.500
SET      13.055       60.000
SET      13.823       62.500
SET      14.847       65.000
SET      15.807       67.500
SET      16.511       70.000
SET      17.023       72.500
SET      17.407       75.000
SET      17.919       76.250
SET      18.431       77.500
SET      19.071       78.750
SET      19.711       80.000
SET      20.351       81.250
SET      20.735       82.500
SET      21.119       83.750
SET      21.503       85.000
SET      22.015       86.250
SET      22.911       87.500
SET      23.551       88.125
SET      24.191       88.750
SET      24.831       89.375
SET      25.343       90.000
SET      25.855       90.625
SET      26.751       91.250
SET      27.647       91.875
SET      28.671       92.500
SET      29.439       93.125
SET      30.335       93.750
SET      30.847       94.062
SET      31.487       94.375
SET      32.127       94.688
SET      32.767       95.000
SET      33.535       95.312
SET      34.303       95.625
SET      35.583       95.938
SET      36.863       96.250
SET      38.143       96.562
SET      39.679       96.875
SET      40.703       97.031
SET      41.727       97.188
SET      42.751       97.344
SET      44.287       97.500
SET      46.335       97.656
SET      48.639       97.812
SET      50.943       97.969
SET      54.015       98.125
SET      58.111       98.281
SET      62.975       98.438
SET      65.279       98.516
SET      68.095       98.594
SET      71.679       98.672
SET      75.775       98.750
SET      79.871       98.828
SET      83.967       98.906
SET      89.087       98.984
SET      94.207       99.062
SET      99.327       99.141
SET     105.471       99.219
SET     108.031       99.258
SET     111.103       99.297
SET     114.175       99.336
SET     116.735       99.375
SET     119.807       99.414
SET     122.879       99.453
SET     126.463       99.492
SET     130.047       99.531
SET     134.143       99.570
SET     138.239       99.609
SET     141.311       99.629
SET     143.359       99.648
SET     146.431       99.668
SET     149.503       99.688
SET     153.599       99.707
SET     156.671       99.727
SET     160.767       99.746
SET     165.887       99.766
SET     169.983       99.785
SET     176.127       99.805
SET     180.223       99.814
SET     182.271       99.824
SET     185.343       99.834
SET     188.415       99.844
SET     192.511       99.854
SET     195.583       99.863
SET     198.655       99.873
SET     202.751       99.883
SET     207.871       99.893
SET     211.967       99.902
SET     212.991       99.907
SET     215.039       99.912
SET     216.063       99.917
SET     219.135       99.922
SET     221.183       99.927
SET     223.231       99.932
SET     226.303       99.937
SET     229.375       99.941
SET     232.447       99.946
SET     235.519       99.951
SET     237.567       99.954
SET     239.615       99.956
SET     241.663       99.958
SET     243.711       99.961
SET     244.735       99.963
SET     245.759       99.966
SET     247.807       99.968
SET     251.903       99.971
SET     253.951       99.973
SET     258.047       99.976
SET     259.071       99.977
SET     260.095       99.978
SET     261.119       99.979
SET     262.143       99.980
SET     264.191       99.982
SET     266.239       99.983
SET     266.239       99.984
SET     268.287       99.985
SET     272.383       99.987
SET     274.431       99.988
SET     276.479       99.988
SET     278.527       99.989
SET     280.575       99.990
SET     282.623       99.990
SET     286.719       99.991
SET     286.719       99.991
SET     288.767       99.992
SET     290.815       99.993
SET     290.815       99.993
SET     294.911       99.994
SET     296.959       99.994
SET     299.007       99.995
SET     301.055       99.995
SET     305.151       99.995
SET     307.199       99.995
SET     307.199       99.996
SET     309.247       99.996
SET     311.295       99.996
SET     313.343       99.997
SET     313.343       99.997
SET     313.343       99.997
SET     315.391       99.997
SET     321.535       99.997
SET     321.535       99.998
SET     323.583       99.998
SET     335.871       99.998
SET     335.871       99.998
SET     339.967       99.998
SET     339.967       99.998
SET     346.111       99.998
SET     346.111       99.999
SET     346.111       99.999
SET     348.159       99.999
SET     348.159       99.999
SET     348.159       99.999
SET     350.207       99.999
SET     350.207       99.999
SET     352.255       99.999
SET     352.255       99.999
SET     354.303       99.999
SET     354.303       99.999
SET     354.303       99.999
SET     356.351       99.999
SET     356.351       99.999
SET     356.351       99.999
SET     358.399       99.999
SET     358.399      100.000
SET     358.399      100.000
SET     358.399      100.000
SET     358.399      100.000
SET     358.399      100.000
SET     358.399      100.000
SET     358.399      100.000
SET     358.399      100.000
SET     358.399      100.000
SET     360.447      100.000
SET     360.447      100.000
SET     360.447      100.000
SET     360.447      100.000
SET     360.447      100.000
SET     360.447      100.000
SET     360.447      100.000
SET     360.447      100.000
SET     360.447      100.000
SET     360.447      100.000
SET     380.927      100.000
SET     380.927      100.000
---
GET       0.159        0.000
GET       3.487        5.000
GET       5.311       10.000
GET       6.943       15.000
GET       7.871       20.000
GET       8.447       25.000
GET       8.831       30.000
GET       9.023       35.000
GET       9.151       40.000
GET       9.343       45.000
GET       9.983       50.000
GET      10.559       52.500
GET      11.327       55.000
GET      12.223       57.500
GET      13.055       60.000
GET      13.887       62.500
GET      14.847       65.000
GET      15.807       67.500
GET      16.511       70.000
GET      17.023       72.500
GET      17.407       75.000
GET      17.919       76.250
GET      18.431       77.500
GET      19.071       78.750
GET      19.711       80.000
GET      20.351       81.250
GET      20.735       82.500
GET      21.119       83.750
GET      21.503       85.000
GET      22.015       86.250
GET      22.911       87.500
GET      23.551       88.125
GET      24.191       88.750
GET      24.831       89.375
GET      25.343       90.000
GET      25.855       90.625
GET      26.623       91.250
GET      27.647       91.875
GET      28.543       92.500
GET      29.311       93.125
GET      30.207       93.750
GET      30.847       94.062
GET      31.487       94.375
GET      31.999       94.688
GET      32.767       95.000
GET      33.535       95.312
GET      34.303       95.625
GET      35.327       95.938
GET      36.607       96.250
GET      38.143       96.562
GET      39.679       96.875
GET      40.703       97.031
GET      41.727       97.188
GET      42.751       97.344
GET      44.287       97.500
GET      46.079       97.656
GET      48.639       97.812
GET      51.199       97.969
GET      54.271       98.125
GET      58.367       98.281
GET      62.975       98.438
GET      66.047       98.516
GET      68.607       98.594
GET      72.191       98.672
GET      76.287       98.750
GET      80.383       98.828
GET      85.503       98.906
GET      90.623       98.984
GET      95.231       99.062
GET     100.863       99.141
GET     106.495       99.219
GET     109.055       99.258
GET     112.127       99.297
GET     114.687       99.336
GET     117.759       99.375
GET     120.831       99.414
GET     123.903       99.453
GET     127.487       99.492
GET     131.071       99.531
GET     135.167       99.570
GET     140.287       99.609
GET     142.335       99.629
GET     145.407       99.648
GET     148.479       99.668
GET     151.551       99.688
GET     155.647       99.707
GET     159.743       99.727
GET     163.839       99.746
GET     168.959       99.766
GET     173.055       99.785
GET     179.199       99.805
GET     182.271       99.814
GET     184.319       99.824
GET     187.391       99.834
GET     190.463       99.844
GET     193.535       99.854
GET     197.631       99.863
GET     200.703       99.873
GET     203.775       99.883
GET     207.871       99.893
GET     210.943       99.902
GET     212.991       99.907
GET     215.039       99.912
GET     217.087       99.917
GET     220.159       99.922
GET     222.207       99.927
GET     225.279       99.932
GET     227.327       99.937
GET     230.399       99.941
GET     232.447       99.946
GET     235.519       99.951
GET     237.567       99.954
GET     238.591       99.956
GET     240.639       99.958
GET     242.687       99.961
GET     244.735       99.963
GET     245.759       99.966
GET     248.831       99.968
GET     250.879       99.971
GET     254.975       99.973
GET     258.047       99.976
GET     259.071       99.977
GET     260.095       99.978
GET     262.143       99.979
GET     264.191       99.980
GET     266.239       99.982
GET     268.287       99.983
GET     270.335       99.984
GET     274.431       99.985
GET     276.479       99.987
GET     280.575       99.988
GET     282.623       99.988
GET     284.671       99.989
GET     286.719       99.990
GET     288.767       99.990
GET     290.815       99.991
GET     292.863       99.991
GET     294.911       99.992
GET     301.055       99.993
GET     303.103       99.993
GET     305.151       99.994
GET     307.199       99.994
GET     307.199       99.995
GET     309.247       99.995
GET     309.247       99.995
GET     311.295       99.995
GET     315.391       99.996
GET     315.391       99.996
GET     317.439       99.996
GET     319.487       99.997
GET     321.535       99.997
GET     321.535       99.997
GET     323.583       99.997
GET     323.583       99.997
GET     325.631       99.998
GET     327.679       99.998
GET     331.775       99.998
GET     333.823       99.998
GET     335.871       99.998
GET     337.919       99.998
GET     339.967       99.998
GET     339.967       99.999
GET     342.015       99.999
GET     342.015       99.999
GET     344.063       99.999
GET     346.111       99.999
GET     346.111       99.999
GET     348.159       99.999
GET     348.159       99.999
GET     348.159       99.999
GET     350.207       99.999
GET     350.207       99.999
GET     350.207       99.999
GET     350.207       99.999
GET     350.207       99.999
GET     350.207       99.999
GET     350.207       99.999
GET     350.207      100.000
GET     352.255      100.000
GET     352.255      100.000
GET     354.303      100.000
GET     354.303      100.000
GET     354.303      100.000
GET     356.351      100.000
GET     356.351      100.000
GET     356.351      100.000
GET     356.351      100.000
GET     358.399      100.000
GET     360.447      100.000
GET     362.495      100.000
GET     366.591      100.000
GET     366.591      100.000
GET     366.591      100.000
GET     372.735      100.000
GET     372.735      100.000
GET     372.735      100.000
GET     372.735      100.000
GET     372.735      100.000
GET     376.831      100.000
GET     376.831      100.000
GET     376.831      100.000
GET     376.831      100.000
GET     376.831      100.000
GET     378.879      100.000
GET     378.879      100.000
GET     378.879      100.000
GET     382.975      100.000
GET     382.975      100.000
GET     382.975      100.000
GET     382.975      100.000
GET     382.975      100.000
GET     382.975      100.000
GET     382.975      100.000
GET     399.359      100.000
GET     399.359      100.000
---
WAIT      0.000      100.000
