4         Threads
50        Connections per thread
600       Seconds


ALL STATS
============================================================================================================================
Type         Ops/sec     Hits/sec   Misses/sec    Avg. Latency     p50 Latency     p99 Latency   p99.9 Latency       KB/sec 
----------------------------------------------------------------------------------------------------------------------------
Sets         1298.64          ---          ---        13.97602         9.21500        88.06300       221.18300       100.04 
Gets        12984.75        40.25     12944.50        13.97769         9.21500        87.03900       223.23100       507.13 
Waits           0.00          ---          ---             ---             ---             ---             ---          --- 
Totals      14283.39        40.25     12944.50        13.97754         9.21500        87.03900       223.23100       607.17 


Request Latency Distribution
Type     <= msec         Percent
------------------------------------------------------------------------
SET       0.199        0.000
SET       2.751        5.000
SET       4.607       10.000
SET       5.983       15.000
SET       6.943       20.000
SET       7.583       25.000
SET       8.383       30.000
SET       8.703       35.000
SET       8.895       40.000
SET       9.023       45.000
SET       9.215       50.000
SET       9.343       52.500
SET       9.727       55.000
SET       9.983       57.500
SET      10.495       60.000
SET      11.199       62.500
SET      12.031       65.000
SET      12.927       67.500
SET      14.015       70.000
SET      15.231       72.500
SET      16.191       75.000
SET      16.639       76.250
SET      17.151       77.500
SET      17.407       78.750
SET      18.047       80.000
SET      18.815       81.250
SET      19.711       82.500
SET      20.223       83.750
SET      20.991       85.000
SET      21.375       86.250
SET      22.271       87.500
SET      22.911       88.125
SET      23.679       88.750
SET      24.319       89.375
SET      25.087       90.000
SET      25.727       90.625
SET      26.623       91.250
SET      27.647       91.875
SET      28.543       92.500
SET      29.311       93.125
SET      30.207       93.750
SET      30.719       94.062
SET      31.359       94.375
SET      31.871       94.688
SET      32.639       95.000
SET      33.279       95.312
SET      34.047       95.625
SET      35.071       95.938
SET      36.351       96.250
SET      37.631       96.562
SET      39.167       96.875
SET      39.935       97.031
SET      40.959       97.188
SET      41.983       97.344
SET      43.263       97.500
SET      45.055       97.656
SET      46.847       97.812
SET      49.407       97.969
SET      52.223       98.125
SET      55.807       98.281
SET      60.159       98.438
SET      62.719       98.516
SET      66.047       98.594
SET      69.119       98.672
SET      72.191       98.750
SET      76.799       98.828
SET      81.407       98.906
SET      87.039       98.984
SET      93.183       99.062
SET      99.839       99.141
SET     107.007       99.219
SET     110.591       99.258
SET     114.175       99.297
SET     117.759       99.336
SET     121.343       99.375
SET     125.951       99.414
SET     130.047       99.453
SET     135.167       99.492
SET     139.263       99.531
SET     145.407       99.570
SET     150.527       99.609
SET     153.599       99.629
SET     156.671       99.648
SET     159.743       99.668
SET     163.839       99.688
SET     166.911       99.707
SET     172.031       99.727
SET     176.127       99.746
SET     181.247       99.766
SET     187.391       99.785
SET     191.487       99.805
SET     194.559       99.814
SET     196.607       99.824
SET     199.679       99.834
SET     200.703       99.844
SET     203.775       99.854
SET     206.847       99.863
SET     210.943       99.873
SET     214.015       99.883
SET     218.111       99.893
SET     222.207       99.902
SET     224.255       99.907
SET     226.303       99.912
SET     228.351       99.917
SET     231.423       99.922
SET     234.495       99.927
SET     235.519       99.932
SET     238.591       99.937
SET     241.663       99.941
SET     246.783       99.946
SET     249.855       99.951
SET     250.879       99.954
SET     251.903       99.956
SET     253.951       99.958
SET     255.999       99.961
SET     257.023       99.963
SET     259.071       99.966
SET     262.143       99.968
SET     264.191       99.971
SET     266.239       99.973
SET     270.335       99.976
SET     272.383       99.977
SET     274.431       99.978
SET     278.527       99.979
SET     278.527       99.980
SET     280.575       99.982
SET     282.623       99.983
SET     286.719       99.984
SET     288.767       99.985
SET     290.815       99.987
SET     292.863       99.988
SET     294.911       99.988
SET     296.959       99.989
SET     296.959       99.990
SET     299.007       99.990
SET     301.055       99.991
SET     305.151       99.991
SET     305.151       99.992
SET     307.199       99.993
SET     309.247       99.993
SET     311.295       99.994
SET     315.391       99.994
SET     315.391       99.995
SET     315.391       99.995
SET     317.439       99.995
SET     317.439       99.995
SET     321.535       99.996
SET     323.583       99.996
SET     327.679       99.996
SET     331.775       99.997
SET     333.823       99.997
SET     333.823       99.997
SET     333.823       99.997
SET     333.823       99.997
SET     339.967       99.998
SET     342.015       99.998
SET     346.111       99.998
SET     346.111       99.998
SET     346.111       99.998
SET     348.159       99.998
SET     350.207       99.998
SET     350.207       99.999
SET     350.207       99.999
SET     350.207       99.999
SET     358.399       99.999
SET     358.399       99.999
SET     358.399       99.999
SET     358.399       99.999
SET     358.399       99.999
SET     360.447       99.999
SET     366.591       99.999
SET     366.591       99.999
SET     366.591       99.999
SET     366.591       99.999
SET     372.735       99.999
SET     372.735       99.999
SET     372.735       99.999
SET     380.927      100.000
SET     380.927      100.000
SET     380.927      100.000
SET     385.023      100.000
SET     385.023      100.000
SET     385.023      100.000
SET     385.023      100.000
SET     385.023      100.000
SET     385.023      100.000
SET     385.023      100.000
SET     389.119      100.000
SET     389.119      100.000
SET     389.119      100.000
SET     389.119      100.000
SET     389.119      100.000
SET     389.119      100.000
SET     389.119      100.000
SET     389.119      100.000
SET     389.119      100.000
SET     389.119      100.000
SET     403.455      100.000
SET     403.455      100.000
---
GET       0.167        0.000
GET       2.751        5.000
GET       4.607       10.000
GET       6.015       15.000
GET       6.975       20.000
GET       7.583       25.000
GET       8.383       30.000
GET       8.703       35.000
GET       8.895       40.000
GET       9.023       45.000
GET       9.215       50.000
GET       9.343       52.500
GET       9.727       55.000
GET       9.983       57.500
GET      10.495       60.000
GET      11.199       62.500
GET      12.031       65.000
GET      12.927       67.500
GET      14.015       70.000
GET      15.231       72.500
GET      16.191       75.000
GET      16.767       76.250
GET      17.151       77.500
GET      17.407       78.750
GET      18.175       80.000
GET      18.815       81.250
GET      19.711       82.500
GET      20.223       83.750
GET      20.991       85.000
GET      21.375       86.250
GET      22.271       87.500
GET      22.911       88.125
GET      23.679       88.750
GET      24.319       89.375
GET      25.087       90.000
GET      25.727       90.625
GET      26.623       91.250
GET      27.647       91.875
GET      28.543       92.500
GET      29.311       93.125
GET      30.207       93.750
GET      30.719       94.062
GET      31.231       94.375
GET      31.871       94.688
GET      32.511       95.000
GET      33.279       95.312
GET      34.047       95.625
GET      35.071       95.938
GET      36.351       96.250
GET      37.631       96.562
GET      39.167       96.875
GET      39.935       97.031
GET      40.959       97.188
GET      41.983       97.344
GET      43.263       97.500
GET      44.799       97.656
GET      46.847       97.812
GET      49.151       97.969
GET      51.967       98.125
GET      55.551       98.281
GET      59.903       98.438
GET      62.463       98.516
GET      65.279       98.594
GET      68.095       98.672
GET      71.679       98.750
GET      75.775       98.828
GET      80.383       98.906
GET      86.015       98.984
GET      92.159       99.062
GET      98.815       99.141
GET     105.983       99.219
GET     109.567       99.258
GET     113.151       99.297
GET     117.247       99.336
GET     121.343       99.375
GET     125.439       99.414
GET     129.535       99.453
GET     134.143       99.492
GET     139.263       99.531
GET     144.383       99.570
GET     150.527       99.609
GET     153.599       99.629
GET     156.671       99.648
GET     160.767       99.668
GET     164.863       99.688
GET     168.959       99.707
GET     173.055       99.727
GET     177.151       99.746
GET     182.271       99.766
GET     187.391       99.785
GET     192.511       99.805
GET     195.583       99.814
GET     197.631       99.824
GET     200.703       99.834
GET     203.775       99.844
GET     205.823       99.854
GET     209.919       99.863
GET     212.991       99.873
GET     216.063       99.883
GET     220.159       99.893
GET     224.255       99.902
GET     226.303       99.907
GET     228.351       99.912
GET     231.423       99.917
GET     234.495       99.922
GET     236.543       99.927
GET     239.615       99.932
GET     241.663       99.937
GET     244.735       99.941
GET     248.831       99.946
GET     252.927       99.951
GET     253.951       99.954
GET     257.023       99.956
GET     259.071       99.958
GET     260.095       99.961
GET     262.143       99.963
GET     264.191       99.966
GET     266.239       99.968
GET     270.335       99.971
GET     274.431       99.973
GET     278.527       99.976
GET     280.575       99.977
GET     282.623       99.978
GET     284.671       99.979
GET     286.719       99.980
GET     288.767       99.982
GET     290.815       99.983
GET     292.863       99.984
GET     294.911       99.985
GET     299.007       99.987
GET     303.103       99.988
GET     305.151       99.988
GET     305.151       99.989
GET     307.199       99.990
GET     309.247       99.990
GET     309.247       99.991
GET     313.343       99.991
GET     315.391       99.992
GET     319.487       99.993
GET     323.583       99.993
GET     329.727       99.994
GET     331.775       99.994
GET     333.823       99.995
GET     337.919       99.995
GET     339.967       99.995
GET     342.015       99.995
GET     344.063       99.996
GET     346.111       99.996
GET     354.303       99.996
GET     360.447       99.997
GET     366.591       99.997
GET     372.735       99.997
GET     378.879       99.997
GET     385.023       99.997
GET     387.071       99.998
GET     391.167       99.998
GET     413.695       99.998
GET     425.983       99.998
GET     436.223       99.998
GET     448.511       99.998
GET     456.703       99.998
GET     464.895       99.999
GET     468.991       99.999
GET     471.039       99.999
GET     475.135       99.999
GET     477.183       99.999
GET     481.279       99.999
GET     501.759       99.999
GET     509.951       99.999
GET     518.143       99.999
GET     522.239       99.999
GET     544.767       99.999
GET     548.863       99.999
GET     561.151       99.999
GET     561.151       99.999
GET     561.151       99.999
GET     565.247       99.999
GET     581.631      100.000
GET     581.631      100.000
GET     585.727      100.000
GET     598.015      100.000
GET     598.015      100.000
GET     598.015      100.000
GET     602.111      100.000
GET     602.111      100.000
GET     602.111      100.000
GET     602.111      100.000
GET     602.111      100.000
GET     602.111      100.000
GET     618.495      100.000
GET     618.495      100.000
GET     618.495      100.000
GET     618.495      100.000
GET     622.591      100.000
GET     634.879      100.000
GET     634.879      100.000
GET     634.879      100.000
GET     634.879      100.000
GET     634.879      100.000
GET     634.879      100.000
GET     634.879      100.000
GET     634.879      100.000
GET     634.879      100.000
GET     634.879      100.000
GET     634.879      100.000
GET     634.879      100.000
GET     634.879      100.000
GET     634.879      100.000
GET     634.879      100.000
GET     634.879      100.000
GET     634.879      100.000
GET     634.879      100.000
GET     634.879      100.000
GET     634.879      100.000
GET     634.879      100.000
GET     634.879      100.000
GET     634.879      100.000
GET     634.879      100.000
GET     634.879      100.000
GET     634.879      100.000
GET     667.647      100.000
GET     667.647      100.000
---
WAIT      0.000      100.000
