3060:C 02 Dec 2023 20:52:11.624 # oO0OoO0OoO0Oo Redis is starting oO0OoO0OoO0Oo
3060:C 02 Dec 2023 20:52:11.624 # Redis version=7.0.11, bits=64, commit=00000000, modified=0, pid=3060, just started
3060:C 02 Dec 2023 20:52:11.624 # Warning: no config file specified, using the default config. In order to specify a config file use redis-server /path/to/redis.conf
3060:M 02 Dec 2023 20:52:11.624 * monotonic clock: POSIX clock_gettime
3060:M 02 Dec 2023 20:52:11.625 * Running mode=standalone, port=6379.
3060:M 02 Dec 2023 20:52:11.625 # Server initialized
3060:M 02 Dec 2023 20:52:11.625 * Ready to accept connections
3060:M 02 Dec 2023 20:53:12.016 * 10000 changes in 60 seconds. Saving...
3060:M 02 Dec 2023 20:53:12.016 * Background saving started by pid 3076
3076:C 02 Dec 2023 20:53:12.040 * DB saved on disk
3076:C 02 Dec 2023 20:53:12.049 * Fork CoW for RDB: current 1 MB, peak 1 MB, average 0 MB
3060:M 02 Dec 2023 20:53:12.124 * Background saving terminated with success
3060:M 02 Dec 2023 20:54:13.045 * 10000 changes in 60 seconds. Saving...
3060:M 02 Dec 2023 20:54:13.046 * Background saving started by pid 3077
3077:C 02 Dec 2023 20:54:13.076 * DB saved on disk
3077:C 02 Dec 2023 20:54:13.077 * Fork CoW for RDB: current 0 MB, peak 0 MB, average 0 MB
3060:M 02 Dec 2023 20:54:13.150 * Background saving terminated with success
3060:M 02 Dec 2023 20:55:14.052 * 10000 changes in 60 seconds. Saving...
3060:M 02 Dec 2023 20:55:14.053 * Background saving started by pid 3078
3078:C 02 Dec 2023 20:55:14.086 * DB saved on disk
3078:C 02 Dec 2023 20:55:14.087 * Fork CoW for RDB: current 1 MB, peak 1 MB, average 0 MB
3060:M 02 Dec 2023 20:55:14.154 * Background saving terminated with success
3060:M 02 Dec 2023 20:56:15.025 * 10000 changes in 60 seconds. Saving...
3060:M 02 Dec 2023 20:56:15.025 * Background saving started by pid 3079
3079:C 02 Dec 2023 20:56:15.060 * DB saved on disk
3079:C 02 Dec 2023 20:56:15.079 * Fork CoW for RDB: current 1 MB, peak 1 MB, average 1 MB
3060:M 02 Dec 2023 20:56:15.145 * Background saving terminated with success
3060:M 02 Dec 2023 20:57:16.006 * 10000 changes in 60 seconds. Saving...
3060:M 02 Dec 2023 20:57:16.007 * Background saving started by pid 3080
3080:C 02 Dec 2023 20:57:16.059 * DB saved on disk
3080:C 02 Dec 2023 20:57:16.060 * Fork CoW for RDB: current 1 MB, peak 1 MB, average 0 MB
3060:M 02 Dec 2023 20:57:16.118 * Background saving terminated with success
3060:M 02 Dec 2023 20:58:17.045 * 10000 changes in 60 seconds. Saving...
3060:M 02 Dec 2023 20:58:17.045 * Background saving started by pid 3081
3081:C 02 Dec 2023 20:58:17.103 * DB saved on disk
3081:C 02 Dec 2023 20:58:17.108 * Fork CoW for RDB: current 1 MB, peak 1 MB, average 0 MB
3060:M 02 Dec 2023 20:58:17.167 * Background saving terminated with success
3060:M 02 Dec 2023 20:59:18.051 * 10000 changes in 60 seconds. Saving...
3060:M 02 Dec 2023 20:59:18.064 * Background saving started by pid 3082
3082:C 02 Dec 2023 20:59:18.140 * DB saved on disk
3082:C 02 Dec 2023 20:59:18.141 * Fork CoW for RDB: current 1 MB, peak 1 MB, average 0 MB
3060:M 02 Dec 2023 20:59:18.189 * Background saving terminated with success
3060:M 02 Dec 2023 21:00:19.066 * 10000 changes in 60 seconds. Saving...
3060:M 02 Dec 2023 21:00:19.067 * Background saving started by pid 3083
3083:C 02 Dec 2023 21:00:19.120 * DB saved on disk
3083:C 02 Dec 2023 21:00:19.121 * Fork CoW for RDB: current 1 MB, peak 1 MB, average 1 MB
3060:M 02 Dec 2023 21:00:19.172 * Background saving terminated with success
